<?xml version="1.0" encoding="UTF-8"?>
<!-- Generated by org.testng.reporters.JUnitReportReporter -->
<testsuite hostname="LAPTOP-C9GCE5DU" failures="0" tests="1" name="Tests.JsonSchemaTest" time="1.716" errors="0" timestamp="2021-08-22T09:54:10 IST" skipped="0">
  <testcase classname="Tests.JsonSchemaTest" name="jsonSCTest" time="1.716"/>
  <system-out/>
</testsuite> <!-- Tests.JsonSchemaTest -->
