<?xml version="1.0" encoding="UTF-8"?>
<!-- Generated by org.testng.reporters.JUnitReportReporter -->
<testsuite hostname="Mohammads-MacBook-Pro.local" failures="0" tests="1" name="V1.UiTest" time="3.075" errors="0" timestamp="2025-02-10T18:46:18 GMT" skipped="0">
  <testcase classname="V1.UiTest" name="orderItem" time="3.075"/>
  <system-out/>
</testsuite> <!-- V1.UiTest -->
