<?xml version="1.0" encoding="UTF-8"?>
<!-- Generated by org.testng.reporters.JUnitReportReporter -->
<testsuite hostname="Mohammads-MacBook-Pro.local" failures="0" tests="2" name="V1.ApiTest" time="0.998" errors="0" timestamp="2025-02-09T23:28:01 GMT" skipped="0">
  <testcase classname="V1.ApiTest" name="getUsers" time="0.818"/>
  <system-out/>
  <testcase classname="V1.ApiTest" name="saveUser" time="0.180"/>
  <system-out/>
</testsuite> <!-- V1.ApiTest -->
