<?xml version="1.0" encoding="UTF-8"?>
<!-- Generated by org.testng.reporters.JUnitReportReporter -->
<testsuite hostname="LAPTOP-C9GCE5DU" failures="0" tests="1" name="UiTests.LinuxServerTest" time="14.326" errors="0" timestamp="2021-09-26T13:25:33 IST" skipped="0">
  <testcase classname="UiTests.LinuxServerTest" name="linuxTest" time="14.326"/>
  <system-out/>
</testsuite> <!-- UiTests.LinuxServerTest -->
