<?xml version="1.0" encoding="UTF-8"?>
<!-- Generated by org.testng.reporters.JUnitReportReporter -->
<testsuite hostname="LAPTOP-C9GCE5DU" failures="0" tests="2" name="UiTests.AutomationTests" time="0.008" errors="0" timestamp="2021-09-19T00:42:25 IST" skipped="0">
  <testcase classname="UiTests.AutomationTests" name="uiTest" time="0.007"/>
  <system-out/>
  <testcase classname="UiTests.AutomationTests" name="uiTest" time="0.001"/>
  <system-out/>
</testsuite> <!-- UiTests.AutomationTests -->
