<?xml version="1.0" encoding="UTF-8"?>
<!-- Generated by org.testng.reporters.JUnitReportReporter -->
<testsuite hostname="LAPTOP-C9GCE5DU" failures="0" tests="1" name="Tests.DdJsonTest" time="0.017" errors="0" timestamp="2021-09-12T16:29:06 IST" skipped="0">
  <testcase classname="Tests.DdJsonTest" name="jsonTest" time="0.017"/>
  <system-out/>
</testsuite> <!-- Tests.DdJsonTest -->
