<?xml version="1.0" encoding="UTF-8"?>
<!-- Generated by org.testng.reporters.JUnitReportReporter -->
<testsuite hostname="LAPTOP-C9GCE5DU" failures="0" tests="1" name="com.apachepoi.test.ReadTest" time="0.079" errors="0" timestamp="2021-04-27T12:15:17 IST" skipped="0">
  <testcase classname="com.apachepoi.test.ReadTest" name="getMap" time="0.079"/>
  <system-out/>
</testsuite> <!-- com.apachepoi.test.ReadTest -->
