<?xml version="1.0" encoding="UTF-8"?>
<!-- Generated by org.testng.reporters.JUnitReportReporter -->
<testsuite hostname="LAPTOP-C9GCE5DU" failures="0" tests="1" name="com.apachepoi.Utility.ExcelUtilities" time="0.754" errors="0" timestamp="2021-05-08T21:08:24 IST" skipped="0">
  <testcase classname="com.apachepoi.Utility.ExcelUtilities" name="readExcel" time="0.754"/>
  <system-out/>
</testsuite> <!-- com.apachepoi.Utility.ExcelUtilities -->
