<?xml version="1.0" encoding="UTF-8"?>
<!-- Generated by org.testng.reporters.JUnitReportReporter -->
<testsuite hostname="LAPTOP-C9GCE5DU" failures="0" tests="1" name="Tests.XmlTest" time="0.009" errors="0" timestamp="2021-07-12T15:39:15 IST" skipped="0">
  <testcase classname="Tests.XmlTest" name="xmltest" time="0.009"/>
  <system-out/>
</testsuite> <!-- Tests.XmlTest -->
