<?xml version="1.0" encoding="UTF-8"?>
<!-- Generated by org.testng.reporters.JUnitReportReporter -->
<testsuite hostname="Mohammads-MacBook-Pro.local" failures="0" tests="1" name="V1.UiTest" time="3.740" errors="0" timestamp="2025-02-09T23:19:00 GMT" skipped="0">
  <testcase classname="V1.UiTest" name="orderItem" time="3.740"/>
  <system-out/>
</testsuite> <!-- V1.UiTest -->
