<?xml version="1.0" encoding="UTF-8"?>
<!-- Generated by org.testng.reporters.JUnitReportReporter -->
<testsuite hostname="LAPTOP-C9GCE5DU" failures="0" tests="1" name="Tests.DbTest" time="0.785" errors="0" timestamp="2021-08-28T20:58:12 IST" skipped="0">
  <testcase classname="Tests.DbTest" name="dbTest" time="0.785"/>
  <system-out/>
</testsuite> <!-- Tests.DbTest -->
