<?xml version="1.0" encoding="UTF-8"?>
<!-- Generated by org.testng.reporters.JUnitReportReporter -->
<testsuite hostname="LAPTOP-C9GCE5DU" failures="0" tests="1" name="Tests.DDTest" time="0.004" errors="0" timestamp="2021-08-15T18:48:36 IST" skipped="0">
  <testcase classname="Tests.DDTest" name="test1" time="0.004"/>
  <system-out/>
</testsuite> <!-- Tests.DDTest -->
