<?xml version="1.0" encoding="UTF-8"?>
<!-- Generated by org.testng.reporters.JUnitReportReporter -->
<testsuite hostname="Mohammads-MacBook-Pro.local" failures="0" tests="1" name="V1.UiTest" time="2.823" errors="0" timestamp="2025-02-10T16:23:41 GMT" skipped="0">
  <testcase classname="V1.UiTest" name="orderItem" time="2.823"/>
  <system-out/>
</testsuite> <!-- V1.UiTest -->
