<?xml version="1.0" encoding="UTF-8"?>
<!-- Generated by org.testng.reporters.JUnitReportReporter -->
<testsuite hostname="LAPTOP-C9GCE5DU" failures="0" tests="1" name="Tests.CouchBaseTest" time="2.675" errors="0" timestamp="2021-09-28T23:56:53 IST" skipped="0">
  <testcase classname="Tests.CouchBaseTest" name="cbTest" time="2.675"/>
  <system-out/>
</testsuite> <!-- Tests.CouchBaseTest -->
