<?xml version="1.0" encoding="UTF-8"?>
<!-- Generated by org.testng.reporters.JUnitReportReporter -->
<testsuite hostname="LAPTOP-C9GCE5DU" failures="0" tests="4" name="com.apachepoi.test.DDTest" time="0.009" errors="0" timestamp="2021-05-17T21:55:11 IST" skipped="1">
  <testcase classname="com.apachepoi.test.DDTest" name="test2" time="0.001"/>
  <system-out/>
  <testcase classname="com.apachepoi.test.DDTest" name="test1" time="0.006"/>
  <system-out/>
  <testcase classname="com.apachepoi.test.DDTest" name="test3" time="0.001"/>
  <system-out/>
  <testcase classname="com.apachepoi.test.DDTest" name="test4" time="0.001">
    <skipped/>
  </testcase> <!-- test4 -->
  <system-out/>
</testsuite> <!-- com.apachepoi.test.DDTest -->
