<?xml version="1.0" encoding="UTF-8"?>
<!-- Generated by org.testng.reporters.JUnitReportReporter -->
<testsuite hostname="Mohammads-MacBook-Pro.local" failures="0" tests="1" name="V1.CommandPromptTest" time="0.070" errors="0" timestamp="2025-02-10T14:34:43 GMT" skipped="0">
  <testcase classname="V1.CommandPromptTest" name="runCMD" time="0.070"/>
  <system-out/>
</testsuite> <!-- V1.CommandPromptTest -->
