<?xml version="1.0" encoding="UTF-8"?>
<!-- Generated by org.testng.reporters.JUnitReportReporter -->
<testsuite hostname="LAPTOP-C9GCE5DU" failures="0" tests="1" name="Tests.GetBooks" time="1.794" errors="0" timestamp="2021-07-17T15:19:05 IST" skipped="0">
  <testcase classname="Tests.GetBooks" name="getBooks" time="1.794"/>
  <system-out/>
</testsuite> <!-- Tests.GetBooks -->
