<?xml version="1.0" encoding="UTF-8"?>
<!-- Generated by org.testng.reporters.JUnitReportReporter -->
<testsuite hostname="LAPTOP-C9GCE5DU" failures="0" tests="2" name="V1.TestSample" time="2.070" errors="0" timestamp="2021-10-04T15:11:11 IST" skipped="0">
  <testcase classname="V1.TestSample" name="test" time="0.165"/>
  <system-out/>
  <testcase classname="V1.TestSample" name="test" time="1.905"/>
  <system-out/>
</testsuite> <!-- V1.TestSample -->
