<?xml version="1.0" encoding="UTF-8"?>
<!-- Generated by org.testng.reporters.JUnitReportReporter -->
<testsuite hostname="LAPTOP-C9GCE5DU" failures="0" tests="1" name="Tests.ApiTest" time="2.345" errors="0" timestamp="2021-07-11T23:54:42 IST" skipped="0">
  <testcase classname="Tests.ApiTest" name="apiTest" time="2.345"/>
  <system-out/>
</testsuite> <!-- Tests.ApiTest -->
