<?xml version="1.0" encoding="UTF-8"?>
<!-- Generated by org.testng.reporters.JUnitReportReporter -->
<testsuite hostname="LAPTOP-C9GCE5DU" failures="0" tests="1" name="Tests.CreateSubscriber" time="0.000" errors="0" timestamp="2021-08-15T18:47:49 IST" skipped="1">
  <testcase classname="Tests.CreateSubscriber" name="createSubscriber" time="0.000">
    <skipped/>
  </testcase> <!-- createSubscriber -->
  <system-out/>
</testsuite> <!-- Tests.CreateSubscriber -->
